c:\users\awallace\documents\of_v0.9.3_vs_release\apps\myapps\emptyexample\obj\debug\ofapp.obj
c:\users\awallace\documents\of_v0.9.3_vs_release\apps\myapps\emptyexample\obj\debug\main.obj
c:\users\awallace\documents\of_v0.9.3_vs_release\apps\myapps\emptyexample\obj\debug\vc140.pdb
c:\users\awallace\documents\of_v0.9.3_vs_release\apps\intimatecodex\intimate_codex_win_project\obj\debug\ofapp.obj
c:\users\awallace\documents\of_v0.9.3_vs_release\apps\intimatecodex\intimate_codex_win_project\obj\debug\main.obj
c:\users\awallace\documents\of_v0.9.3_vs_release\apps\intimatecodex\intimate_codex_win_project\obj\debug\vc140.pdb
c:\users\awallace\documents\of_v0.9.3_vs_release\apps\intimatecodex\intimate_codex_win_project\obj\debug\word.obj
c:\users\awallace\documents\of_v0.9.3_vs_release\apps\intimatecodex\intimate_codex_win_project\obj\debug\background.obj
c:\users\awallace\documents\of_v0.9.3_vs_release\apps\intimatecodex\intimate_codex_win_project\obj\debug\textinput.obj
c:\users\awallace\documents\of_v0.9.3_vs_release\apps\myapps\emptyexample\bin\emptyexample_debug.lib
c:\users\awallace\documents\of_v0.9.3_vs_release\apps\myapps\emptyexample\bin\emptyexample_debug.exp
c:\users\awallace\documents\of_v0.9.3_vs_release\apps\intimatecodex\intimate_codex_win_project\bin\emptyexample_debug.lib
c:\users\awallace\documents\of_v0.9.3_vs_release\apps\intimatecodex\intimate_codex_win_project\bin\emptyexample_debug.exp
c:\users\awallace\documents\of_v0.9.3_vs_release\apps\myapps\emptyexample\bin\emptyexample_debug.ilk
c:\users\awallace\documents\of_v0.9.3_vs_release\apps\myapps\emptyexample\bin\emptyexample_debug.exe
c:\users\awallace\documents\of_v0.9.3_vs_release\apps\myapps\emptyexample\bin\emptyexample_debug.pdb
c:\users\awallace\documents\of_v0.9.3_vs_release\apps\intimatecodex\intimate_codex_win_project\bin\emptyexample_debug.ilk
c:\users\awallace\documents\of_v0.9.3_vs_release\apps\intimatecodex\intimate_codex_win_project\bin\emptyexample_debug.exe
c:\users\awallace\documents\of_v0.9.3_vs_release\apps\intimatecodex\intimate_codex_win_project\bin\emptyexample_debug.pdb
c:\users\awallace\documents\of_v0.9.3_vs_release\apps\myapps\emptyexample\obj\debug\icon.res
c:\users\awallace\documents\of_v0.9.3_vs_release\apps\intimatecodex\intimate_codex_win_project\obj\debug\icon.res
c:\users\awallace\documents\of_v0.9.3_vs_release\apps\intimatecodex\intimate_codex_win_project\obj\debug\emptyexample.vcxprojresolveassemblyreference.cache
c:\users\awallace\documents\of_v0.9.3_vs_release\apps\intimatecodex\intimate_codex_win_project\obj\debug\emptyexample.tlog\cl.command.1.tlog
c:\users\awallace\documents\of_v0.9.3_vs_release\apps\intimatecodex\intimate_codex_win_project\obj\debug\emptyexample.tlog\cl.read.1.tlog
c:\users\awallace\documents\of_v0.9.3_vs_release\apps\intimatecodex\intimate_codex_win_project\obj\debug\emptyexample.tlog\cl.write.1.tlog
c:\users\awallace\documents\of_v0.9.3_vs_release\apps\intimatecodex\intimate_codex_win_project\obj\debug\emptyexample.tlog\emptyexample.write.1u.tlog
c:\users\awallace\documents\of_v0.9.3_vs_release\apps\intimatecodex\intimate_codex_win_project\obj\debug\emptyexample.tlog\link.command.1.tlog
c:\users\awallace\documents\of_v0.9.3_vs_release\apps\intimatecodex\intimate_codex_win_project\obj\debug\emptyexample.tlog\link.read.1.tlog
c:\users\awallace\documents\of_v0.9.3_vs_release\apps\intimatecodex\intimate_codex_win_project\obj\debug\emptyexample.tlog\link.write.1.tlog
c:\users\awallace\documents\of_v0.9.3_vs_release\apps\intimatecodex\intimate_codex_win_project\obj\debug\emptyexample.tlog\rc.command.1.tlog
c:\users\awallace\documents\of_v0.9.3_vs_release\apps\intimatecodex\intimate_codex_win_project\obj\debug\emptyexample.tlog\rc.read.1.tlog
c:\users\awallace\documents\of_v0.9.3_vs_release\apps\intimatecodex\intimate_codex_win_project\obj\debug\emptyexample.tlog\rc.write.1.tlog
