C:\Program Files (x86)\MSBuild\Microsoft.Cpp\v4.0\V140\Microsoft.CppBuild.targets(392,5): warning MSB8028: The intermediate directory (obj\Release\) contains files shared from another project (._emptyExample.vcxproj).  This can lead to incorrect clean and rebuild behavior.
  main.cpp
  ofApp.cpp
  Snake.cpp
  Spark.cpp
     Creating library bin\emptyExample.lib and object bin\emptyExample.exp
  LINK : /LTCG specified but no code generation required; remove /LTCG from the link command line to improve linker performance
  emptyExample.vcxproj -> C:\Users\awallace\Documents\of_v0.9.3_vs_release\apps\noise_snake\noise_snake_win\bin\emptyExample.exe
  
  	                   9	C:\Users\awallace\Documents\of_v0.9.3_vs_release\export\vs\Win32\
  	  *EXTRA File 		 1503232	C:\Users\awallace\Documents\of_v0.9.3_vs_release\apps\noise_snake\noise_snake_win\bin\fmodex64.dll
  	  *EXTRA File 		 1552384	C:\Users\awallace\Documents\of_v0.9.3_vs_release\apps\noise_snake\noise_snake_win\bin\fmodexL64.dll
  	    Newer     		 2939392	C:\Users\awallace\Documents\of_v0.9.3_vs_release\export\vs\Win32\assimp.dll
  	    New File  		 1266176	C:\Users\awallace\Documents\of_v0.9.3_vs_release\export\vs\Win32\fmodex.dll
  	    New File  		 1312768	C:\Users\awallace\Documents\of_v0.9.3_vs_release\export\vs\Win32\fmodexL.dll
  	    Newer     		 5647872	C:\Users\awallace\Documents\of_v0.9.3_vs_release\export\vs\Win32\FreeImage.dll
  	    Newer     		  580608	C:\Users\awallace\Documents\of_v0.9.3_vs_release\export\vs\Win32\freetype.dll
  	    Newer     		  237568	C:\Users\awallace\Documents\of_v0.9.3_vs_release\export\vs\Win32\glut32.dll
  	    Newer     		 1178624	C:\Users\awallace\Documents\of_v0.9.3_vs_release\export\vs\Win32\libeay32.dll
  	    Newer     		  269824	C:\Users\awallace\Documents\of_v0.9.3_vs_release\export\vs\Win32\ssleay32.dll
  	    Newer     		   69632	C:\Users\awallace\Documents\of_v0.9.3_vs_release\export\vs\Win32\Zlib.dll
