c:\users\awallace\documents\of_v0.9.3_vs_release\apps\intimatecodex\intimate_codex_win_project\obj\release\ofapp.obj
c:\users\awallace\documents\of_v0.9.3_vs_release\apps\intimatecodex\intimate_codex_win_project\obj\release\background.obj
c:\users\awallace\documents\of_v0.9.3_vs_release\apps\intimatecodex\intimate_codex_win_project\obj\release\textinput.obj
c:\users\awallace\documents\of_v0.9.3_vs_release\apps\intimatecodex\intimate_codex_win_project\obj\release\main.obj
c:\users\awallace\documents\of_v0.9.3_vs_release\apps\intimatecodex\intimate_codex_win_project\obj\release\word.obj
c:\users\awallace\documents\of_v0.9.3_vs_release\apps\intimatecodex\intimate_codex_win_project\obj\release\vc140.pdb
c:\users\awallace\documents\of_v0.9.3_vs_release\apps\noise_snake\noise_snake_win\obj\release\snake.obj
c:\users\awallace\documents\of_v0.9.3_vs_release\apps\noise_snake\noise_snake_win\obj\release\main.obj
c:\users\awallace\documents\of_v0.9.3_vs_release\apps\noise_snake\noise_snake_win\obj\release\ofapp.obj
c:\users\awallace\documents\of_v0.9.3_vs_release\apps\noise_snake\noise_snake_win\obj\release\spark.obj
c:\users\awallace\documents\of_v0.9.3_vs_release\apps\noise_snake\noise_snake_win\obj\release\vc140.pdb
c:\users\awallace\documents\of_v0.9.3_vs_release\apps\intimatecodex\intimate_codex_win_project\bin\emptyexample.lib
c:\users\awallace\documents\of_v0.9.3_vs_release\apps\intimatecodex\intimate_codex_win_project\bin\emptyexample.exp
c:\users\awallace\documents\of_v0.9.3_vs_release\apps\noise_snake\noise_snake_win\bin\emptyexample.lib
c:\users\awallace\documents\of_v0.9.3_vs_release\apps\noise_snake\noise_snake_win\bin\emptyexample.exp
c:\users\awallace\documents\of_v0.9.3_vs_release\apps\intimatecodex\intimate_codex_win_project\bin\emptyexample.exe
c:\users\awallace\documents\of_v0.9.3_vs_release\apps\noise_snake\noise_snake_win\bin\emptyexample.exe
c:\users\awallace\documents\of_v0.9.3_vs_release\apps\intimatecodex\intimate_codex_win_project\obj\release\icon.res
c:\users\awallace\documents\of_v0.9.3_vs_release\apps\noise_snake\noise_snake_win\obj\release\icon.res
c:\users\awallace\documents\of_v0.9.3_vs_release\apps\noise_snake\noise_snake_win\obj\release\emptyexample.vcxprojresolveassemblyreference.cache
c:\users\awallace\documents\of_v0.9.3_vs_release\apps\noise_snake\noise_snake_win\obj\release\background.obj
c:\users\awallace\documents\of_v0.9.3_vs_release\apps\noise_snake\noise_snake_win\obj\release\textinput.obj
c:\users\awallace\documents\of_v0.9.3_vs_release\apps\noise_snake\noise_snake_win\obj\release\word.obj
c:\users\awallace\documents\of_v0.9.3_vs_release\apps\noise_snake\noise_snake_win\obj\release\emptyexample.tlog\cl.command.1.tlog
c:\users\awallace\documents\of_v0.9.3_vs_release\apps\noise_snake\noise_snake_win\obj\release\emptyexample.tlog\cl.read.1.tlog
c:\users\awallace\documents\of_v0.9.3_vs_release\apps\noise_snake\noise_snake_win\obj\release\emptyexample.tlog\cl.write.1.tlog
c:\users\awallace\documents\of_v0.9.3_vs_release\apps\noise_snake\noise_snake_win\obj\release\emptyexample.tlog\emptyexample.write.1u.tlog
c:\users\awallace\documents\of_v0.9.3_vs_release\apps\noise_snake\noise_snake_win\obj\release\emptyexample.tlog\link.command.1.tlog
c:\users\awallace\documents\of_v0.9.3_vs_release\apps\noise_snake\noise_snake_win\obj\release\emptyexample.tlog\link.read.1.tlog
c:\users\awallace\documents\of_v0.9.3_vs_release\apps\noise_snake\noise_snake_win\obj\release\emptyexample.tlog\link.write.1.tlog
c:\users\awallace\documents\of_v0.9.3_vs_release\apps\noise_snake\noise_snake_win\obj\release\emptyexample.tlog\rc.command.1.tlog
c:\users\awallace\documents\of_v0.9.3_vs_release\apps\noise_snake\noise_snake_win\obj\release\emptyexample.tlog\rc.read.1.tlog
c:\users\awallace\documents\of_v0.9.3_vs_release\apps\noise_snake\noise_snake_win\obj\release\emptyexample.tlog\rc.write.1.tlog
